<?xml version="1.0" encoding="UTF-8"?>
<testng-results total="1" passed="1" failed="0" skipped="0">
  <reporter-output>
  </reporter-output>
  <suite started-at="2019-04-11T11:35:14Z" name="Default suite" finished-at="2019-04-11T11:35:23Z" duration-ms="9207">
    <groups>
    </groups>
    <test started-at="2019-04-11T11:35:14Z" name="Default test" finished-at="2019-04-11T11:35:23Z" duration-ms="9207">
      <class name="TestNG.simplewebapp">
        <test-method is-config="true" signature="launch()[pri:0, instance:TestNG.simplewebapp@ba2f4ec]" started-at="2019-04-11T13:35:14Z" name="launch" finished-at="2019-04-11T13:35:20Z" duration-ms="5757" status="PASS">
          <reporter-output>
          </reporter-output>
        </test-method> <!-- launch -->
        <test-method signature="verifyAboutUs()[pri:0, instance:TestNG.simplewebapp@ba2f4ec]" started-at="2019-04-11T13:35:20Z" name="verifyAboutUs" finished-at="2019-04-11T13:35:22Z" duration-ms="2433" status="PASS">
          <reporter-output>
          </reporter-output>
        </test-method> <!-- verifyAboutUs -->
        <test-method is-config="true" signature="close()[pri:0, instance:TestNG.simplewebapp@ba2f4ec]" started-at="2019-04-11T13:35:22Z" name="close" finished-at="2019-04-11T13:35:23Z" duration-ms="963" status="PASS">
          <reporter-output>
          </reporter-output>
        </test-method> <!-- close -->
      </class> <!-- TestNG.simplewebapp -->
    </test> <!-- Default test -->
  </suite> <!-- Default suite -->
</testng-results>
